Started by user admin
Running as SYSTEM
Building in workspace /var/jenkins_home/workspace/myAppDeploy
[WS-CLEANUP] Deleting project workspace...
[WS-CLEANUP] Deferred wipeout is used...
[WS-CLEANUP] Done
The recommended git tool is: NONE
using credential e6768d9a-632c-4467-b4ba-40603669d054
Cloning the remote Git repository
Cloning repository https://github.com/kjjjoP3/eCommerce-Application-Udacity.git
 > git init /var/jenkins_home/workspace/myAppDeploy # timeout=10
Fetching upstream changes from https://github.com/kjjjoP3/eCommerce-Application-Udacity.git
 > git --version # timeout=10
 > git --version # 'git version 2.36.2'
using GIT_SSH to set credentials 
Verifying host key using known hosts file
You're using 'Known hosts file' strategy to verify ssh host keys, but your known_hosts file does not exist, please go to 'Manage Jenkins' -> 'Configure Global Security' -> 'Git Host Key Verification Configuration' and configure host key verification.
 > git fetch --tags --force --progress -- https://github.com/kjjjoP3/eCommerce-Application-Udacity.git +refs/heads/*:refs/remotes/origin/* # timeout=10
 > git config remote.origin.url https://github.com/kjjjoP3/eCommerce-Application-Udacity.git # timeout=10
 > git config --add remote.origin.fetch +refs/heads/*:refs/remotes/origin/* # timeout=10
Avoid second fetch
 > git rev-parse refs/remotes/origin/main^{commit} # timeout=10
Checking out Revision 8df5a0bd62f1f1cac98b3448e3fd07392d396cb1 (refs/remotes/origin/main)
 > git config core.sparsecheckout # timeout=10
 > git checkout -f 8df5a0bd62f1f1cac98b3448e3fd07392d396cb1 # timeout=10
Commit message: "add jenkin"
 > git rev-list --no-walk 8df5a0bd62f1f1cac98b3448e3fd07392d396cb1 # timeout=10
[myAppDeploy] $ mvn -f pom.xml clean compile package
[INFO] Scanning for projects...
[INFO] 
[INFO] ---------------------< com.example:ecommerce-app >----------------------
[INFO] Building ecommerce-app 0.0.1-SNAPSHOT
[INFO] --------------------------------[ war ]---------------------------------
[INFO] 
[INFO] --- maven-clean-plugin:3.1.0:clean (default-clean) @ ecommerce-app ---
[INFO] 
[INFO] --- maven-resources-plugin:3.1.0:resources (default-resources) @ ecommerce-app ---
[INFO] Using 'UTF-8' encoding to copy filtered resources.
[INFO] Copying 1 resource
[INFO] Copying 1 resource
[INFO] 
[INFO] --- maven-compiler-plugin:3.8.1:compile (default-compile) @ ecommerce-app ---
[INFO] Changes detected - recompiling the module!
[INFO] Compiling 20 source files to /var/jenkins_home/workspace/myAppDeploy/target/classes
[INFO] 
[INFO] --- maven-resources-plugin:3.1.0:resources (default-resources) @ ecommerce-app ---
[INFO] Using 'UTF-8' encoding to copy filtered resources.
[INFO] Copying 1 resource
[INFO] Copying 1 resource
[INFO] 
[INFO] --- maven-compiler-plugin:3.8.1:compile (default-compile) @ ecommerce-app ---
[INFO] Changes detected - recompiling the module!
[INFO] Compiling 20 source files to /var/jenkins_home/workspace/myAppDeploy/target/classes
[INFO] 
[INFO] --- maven-resources-plugin:3.1.0:testResources (default-testResources) @ ecommerce-app ---
[INFO] Using 'UTF-8' encoding to copy filtered resources.
[INFO] skip non existing resourceDirectory /var/jenkins_home/workspace/myAppDeploy/src/test/resources
[INFO] 
[INFO] --- maven-compiler-plugin:3.8.1:testCompile (default-testCompile) @ ecommerce-app ---
[INFO] Changes detected - recompiling the module!
[INFO] Compiling 6 source files to /var/jenkins_home/workspace/myAppDeploy/target/test-classes
[INFO] /var/jenkins_home/workspace/myAppDeploy/src/test/java/com/example/demo/TestUtils.java: /var/jenkins_home/workspace/myAppDeploy/src/test/java/com/example/demo/TestUtils.java uses or overrides a deprecated API.
[INFO] /var/jenkins_home/workspace/myAppDeploy/src/test/java/com/example/demo/TestUtils.java: Recompile with -Xlint:deprecation for details.
[INFO] 
[INFO] --- maven-surefire-plugin:2.22.2:test (default-test) @ ecommerce-app ---
[INFO] 
[INFO] -------------------------------------------------------
[INFO]  T E S T S
[INFO] -------------------------------------------------------
[INFO] Running com.example.demo.controller.UserControllerTest
[INFO] Tests run: 3, Failures: 0, Errors: 0, Skipped: 0, Time elapsed: 1.173 s - in com.example.demo.controller.UserControllerTest
[INFO] Running com.example.demo.controller.ItemControllerTest
[INFO] Tests run: 4, Failures: 0, Errors: 0, Skipped: 0, Time elapsed: 0.055 s - in com.example.demo.controller.ItemControllerTest
[INFO] Running com.example.demo.controller.OrderControllerTest
[INFO] Tests run: 4, Failures: 0, Errors: 0, Skipped: 0, Time elapsed: 0.074 s - in com.example.demo.controller.OrderControllerTest
[INFO] Running com.example.demo.controller.CartControllerTest
[INFO] Tests run: 3, Failures: 0, Errors: 0, Skipped: 0, Time elapsed: 0.004 s - in com.example.demo.controller.CartControllerTest
[INFO] 
[INFO] Results:
[INFO] 
[INFO] Tests run: 14, Failures: 0, Errors: 0, Skipped: 0
[INFO] 
[INFO] 
[INFO] --- maven-war-plugin:3.2.3:war (default-war) @ ecommerce-app ---
[INFO] Packaging webapp
[INFO] Assembling webapp [ecommerce-app] in [/var/jenkins_home/workspace/myAppDeploy/target/ecommerce-app-0.0.1-SNAPSHOT]
[INFO] Processing war project
[INFO] Webapp assembled in [99 msecs]
[INFO] Building war: /var/jenkins_home/workspace/myAppDeploy/target/ecommerce-app-0.0.1-SNAPSHOT.war
[INFO] 
[INFO] --- spring-boot-maven-plugin:2.3.2.RELEASE:repackage (repackage) @ ecommerce-app ---
[INFO] Replacing main artifact with repackaged archive
[INFO] ------------------------------------------------------------------------
[INFO] BUILD SUCCESS
[INFO] ------------------------------------------------------------------------
[INFO] Total time:  10.109 s
[INFO] Finished at: 2023-10-24T15:44:25Z
[INFO] ------------------------------------------------------------------------
[DeployPublisher][INFO] Attempting to deploy 1 war file(s)
[DeployPublisher][INFO] Deploying /var/jenkins_home/workspace/myAppDeploy/target/ecommerce-app-0.0.1-SNAPSHOT.war to container Tomcat 9.x Remote with context myApp
  [/var/jenkins_home/workspace/myAppDeploy/target/ecommerce-app-0.0.1-SNAPSHOT.war] is not deployed. Doing a fresh deployment.
  Deploying [/var/jenkins_home/workspace/myAppDeploy/target/ecommerce-app-0.0.1-SNAPSHOT.war]
Finished: SUCCESS